This file contains any messages produced by compilers while
running configure, to aid debugging if configure makes a mistake.

It was created by configure, which was
generated by GNU Autoconf 2.59.  Invocation command line was

  $ ./configure --with-prompt-nl --with-isatty --with-libs=-lutility0 -lutility1 -lmodule0 -lmodule1 -lmodule2 

## --------- ##
## Platform. ##
## --------- ##

hostname = rzedgelet5
uname -m = x86_64
uname -r = 2.6.32-220.23.1.1chaos.ch5.x86_64
uname -s = Linux
uname -v = #1 SMP Tue Jun 19 17:16:17 PDT 2012

/usr/bin/uname -p = unknown
/bin/uname -X     = unknown

/bin/arch              = x86_64
/usr/bin/arch -k       = unknown
/usr/convex/getsysinfo = unknown
hostinfo               = unknown
/bin/machine           = unknown
/usr/bin/oslevel       = unknown
/bin/universe          = unknown

PATH: /usr/global/tools/ddt/default/bin
PATH: /usr/global/tools/totalview/m/rzedgelet/dflt/bin
PATH: /collab/usr/global/tools/stat/chaos_5_x86_64_ib/stat-test/bin
PATH: .
PATH: /g/g0/lee218/install/bin
PATH: /g/g0/lee218/install/chaos_5_x86_64_ib/bin
PATH: /collab/usr/global/tools/stat/chaos_5_x86_64_ib/stat-test/bin
PATH: .
PATH: /g/g0/lee218/install/bin
PATH: /g/g0/lee218/install/chaos_5_x86_64_ib/bin
PATH: /usr/lib64/qt-3.3/bin
PATH: /usr/local/bin
PATH: /bin
PATH: /usr/bin
PATH: /usr/local/sbin
PATH: /usr/sbin
PATH: /sbin


## ----------- ##
## Core tests. ##
## ----------- ##

configure:1356: checking build system type
configure:1374: result: x86_64-unknown-linux-gnu
configure:1382: checking host system type
configure:1396: result: x86_64-unknown-linux-gnu
configure:1464: checking for a BSD-compatible install
configure:1519: result: /usr/bin/install -c
configure:1530: checking whether build environment is sane
configure:1573: result: yes
configure:1638: checking for gawk
configure:1654: found /bin/gawk
configure:1664: result: gawk
configure:1674: checking whether make sets $(MAKE)
configure:1694: result: yes
configure:1915: checking for ranlib
configure:1931: found /usr/bin/ranlib
configure:1942: result: ranlib
configure:1955: checking host overrides
configure:1990: result: no
configure:1995: checking fatal error on cancel of isend (--with-bad-cancel)
configure:2010: result: no
configure:2025: checking Assume stdin is interactive (--with-isatty)
configure:2047: result: yes
configure:2061: checking Append a newline to prompt (--with-prompt-nl)
configure:2083: result: yes
configure:2102: checking for mpcc
configure:2131: result: no
configure:2141: checking for mpxlc
configure:2170: result: no
configure:2180: checking for mpiicc
configure:2196: found /usr/local/bin/mpiicc
configure:2206: result: mpiicc
configure:2573: checking for C compiler version
configure:2576: mpiicc --version </dev/null >&5
icc (ICC) 12.1.5 20120612
Copyright (C) 1985-2012 Intel Corporation.  All rights reserved.

configure:2579: $? = 0
configure:2581: mpiicc -v </dev/null >&5
icc version 12.1.5 (gcc version 4.4.6 compatibility)
ld    /usr/lib/gcc/x86_64-redhat-linux/4.4.6/../../../../lib64/crt1.o /usr/lib/gcc/x86_64-redhat-linux/4.4.6/../../../../lib64/crti.o /usr/lib/gcc/x86_64-redhat-linux/4.4.6/crtbegin.o --eh-frame-hdr --build-id -dynamic-linker /lib64/ld-linux-x86-64.so.2 -L/usr/local/tools/ifort-12.1.339/lib -L/usr/local/tools/mvapich-intel/lib/shared -L/usr/lib64 -L/usr/local/tools/mvapich-intel/lib -o a.out -L/usr/local/tools/icc-12.1.339/compiler/lib/intel64 -L/usr/lib/gcc/x86_64-redhat-linux/4.4.6 -L/usr/lib/gcc/x86_64-redhat-linux/4.4.6/../../../../lib64 -L/lib/../lib64 -L/usr/lib/../lib64 -L/usr/lib/gcc/x86_64-redhat-linux/4.4.6/../../.. -L/lib64 -L/lib -L/usr/lib64 -L/usr/lib -rpath /usr/local/tools/icc-12.1.339/lib -rpath /usr/local/tools/ifort-12.1.339/lib -rpath /usr/local/tools/mvapich-intel/lib/shared -lmpich -limf -lsvml -lm -lipgo -ldecimal --as-needed -Bdynamic -lcilkrts -lstdc++ --no-as-needed -lgcc -lgcc_s -lintlc -lc -lgcc -lgcc_s -lirc_s -ldl -lc /usr/lib/gcc/x86_64-redhat-linux/4.4.6/crtend.o /usr/lib/gcc/x86_64-redhat-linux/4.4.6/../../../../lib64/crtn.o
/usr/lib/gcc/x86_64-redhat-linux/4.4.6/../../../../lib64/crt1.o: In function `_start':
(.text+0x20): undefined reference to `main'
configure:2584: $? = 1
configure:2586: mpiicc -V </dev/null >&5
Intel(R) C Intel(R) 64 Compiler XE for applications running on Intel(R) 64, Version 12.1.5.339 Build 20120612
Copyright (C) 1985-2012 Intel Corporation.  All rights reserved.

configure:2589: $? = 0
configure:2612: checking for C compiler default output file name
configure:2615: mpiicc    conftest.c  >&5
configure:2618: $? = 0
configure:2664: result: a.out
configure:2669: checking whether the C compiler works
configure:2695: result: yes
configure:2702: checking whether we are cross compiling
configure:2704: result: yes
configure:2707: checking for suffix of executables
configure:2709: mpiicc -o conftest    conftest.c  >&5
configure:2712: $? = 0
configure:2737: result: 
configure:2743: checking for suffix of object files
configure:2764: mpiicc -c   conftest.c >&5
configure:2767: $? = 0
configure:2789: result: o
configure:2793: checking whether we are using the GNU C compiler
configure:2817: mpiicc -c   conftest.c >&5
configure:2823: $? = 0
configure:2827: test -z 
			 || test ! -s conftest.err
configure:2830: $? = 0
configure:2833: test -s conftest.o
configure:2836: $? = 0
configure:2849: result: yes
configure:2855: checking whether mpiicc accepts -g
configure:2876: mpiicc -c -g  conftest.c >&5
configure:2882: $? = 0
configure:2886: test -z 
			 || test ! -s conftest.err
configure:2889: $? = 0
configure:2892: test -s conftest.o
configure:2895: $? = 0
configure:2906: result: yes
configure:2923: checking for mpiicc option to accept ANSI C
configure:2993: mpiicc  -c -g -O2  conftest.c >&5
configure:2999: $? = 0
configure:3003: test -z 
			 || test ! -s conftest.err
configure:3006: $? = 0
configure:3009: test -s conftest.o
configure:3012: $? = 0
configure:3030: result: none needed
configure:3048: mpiicc -c -g -O2  conftest.c >&5
conftest.c(2): error: identifier "choke" is undefined
    choke me
    ^

conftest.c(3): error: expected a ";"

compilation aborted for conftest.c (code 2)
configure:3054: $? = 2
configure: failed program was:
| #ifndef __cplusplus
|   choke me
| #endif
configure:3198: checking for style of include used by make
configure:3226: result: GNU
configure:3254: checking dependency style of mpiicc
configure:3344: result: none
configure:3364: checking for an ANSI C-conforming const
configure:3431: mpiicc -c -g -O2  conftest.c >&5
conftest.c(48): warning #592: variable "t" is used before its value is set
      *t++ = 0;
       ^

conftest.c(63): warning #592: variable "b" is used before its value is set
      struct s *b; b->j = 5;
                   ^

configure:3437: $? = 0
configure:3441: test -z 
			 || test ! -s conftest.err
configure:3444: $? = 0
configure:3447: test -s conftest.o
configure:3450: $? = 0
configure:3461: result: yes
configure:3472: checking for mpiicc is really C++
configure:3479: checking how to run the C preprocessor
configure:3514: mpiicc -E  conftest.c
configure:3520: $? = 0
configure:3552: mpiicc -E  conftest.c
conftest.c(19): error #2379: cannot open source file "ac_nonexistent.h"
  #include <ac_nonexistent.h>
                             ^

configure:3558: $? = 2
configure: failed program was:
| /* confdefs.h.  */
| 
| #define PACKAGE_NAME ""
| #define PACKAGE_TARNAME ""
| #define PACKAGE_VERSION ""
| #define PACKAGE_STRING ""
| #define PACKAGE_BUGREPORT ""
| #define PYMPI_MAJOR "2"
| #define PYMPI_MINOR "6"
| #define PYMPI_RELEASE "a1"
| #define PYMPI_VERSION_SHORT "2.6"
| #define PACKAGE "pyMPI"
| #define VERSION "2.6a1"
| #define PYMPI_VERSION_NAME "pyMPI2.6"
| #define PYMPI_BADCANCEL 0
| #define PYMPI_ISATTY 1
| #define PYMPI_PROMPT_NL 1
| /* end confdefs.h.  */
| #include <ac_nonexistent.h>
configure:3597: result: mpiicc -E
configure:3621: mpiicc -E  conftest.c
configure:3627: $? = 0
configure:3659: mpiicc -E  conftest.c
conftest.c(19): error #2379: cannot open source file "ac_nonexistent.h"
  #include <ac_nonexistent.h>
                             ^

configure:3665: $? = 2
configure: failed program was:
| /* confdefs.h.  */
| 
| #define PACKAGE_NAME ""
| #define PACKAGE_TARNAME ""
| #define PACKAGE_VERSION ""
| #define PACKAGE_STRING ""
| #define PACKAGE_BUGREPORT ""
| #define PYMPI_MAJOR "2"
| #define PYMPI_MINOR "6"
| #define PYMPI_RELEASE "a1"
| #define PYMPI_VERSION_SHORT "2.6"
| #define PACKAGE "pyMPI"
| #define VERSION "2.6a1"
| #define PYMPI_VERSION_NAME "pyMPI2.6"
| #define PYMPI_BADCANCEL 0
| #define PYMPI_ISATTY 1
| #define PYMPI_PROMPT_NL 1
| /* end confdefs.h.  */
| #include <ac_nonexistent.h>
configure:3709: checking for egrep
configure:3719: result: grep -E
configure:3749: result: no
configure:3773: checking for sed
configure:3791: found /bin/sed
configure:3803: result: /bin/sed
configure:3817: checking for grep
configure:3835: found /bin/grep
configure:3847: result: /bin/grep
configure:3862: checking for mpiiCC
configure:3891: result: no
configure:3901: checking for mpii++
configure:3930: result: no
configure:3940: checking for mpiicC
configure:3969: result: no
configure:4028: checking for g++
configure:4044: found /usr/local/bin/g++
configure:4054: result: g++
configure:4070: checking for C++ compiler version
configure:4073: g++ --version </dev/null >&5
g++ (GCC) 4.4.6 20110731 (Red Hat 4.4.6-3)
Copyright (C) 2010 Free Software Foundation, Inc.
This is free software; see the source for copying conditions.  There is NO
warranty; not even for MERCHANTABILITY or FITNESS FOR A PARTICULAR PURPOSE.

configure:4076: $? = 0
configure:4078: g++ -v </dev/null >&5
Using built-in specs.
Target: x86_64-redhat-linux
Configured with: ../configure --prefix=/usr --mandir=/usr/share/man --infodir=/usr/share/info --with-bugurl=http://bugzilla.redhat.com/bugzilla --enable-bootstrap --enable-shared --enable-threads=posix --enable-checking=release --with-system-zlib --enable-__cxa_atexit --disable-libunwind-exceptions --enable-gnu-unique-object --enable-languages=c,c++,objc,obj-c++,java,fortran,ada --enable-java-awt=gtk --disable-dssi --with-java-home=/usr/lib/jvm/java-1.5.0-gcj-1.5.0.0/jre --enable-libgcj-multifile --enable-java-maintainer-mode --with-ecj-jar=/usr/share/java/eclipse-ecj.jar --disable-libjava-multilib --with-ppl --with-cloog --with-tune=generic --with-arch_32=i686 --build=x86_64-redhat-linux
Thread model: posix
gcc version 4.4.6 20110731 (Red Hat 4.4.6-3) (GCC) 
configure:4081: $? = 0
configure:4083: g++ -V </dev/null >&5
g++: '-V' option must have argument
configure:4086: $? = 1
configure:4089: checking whether we are using the GNU C++ compiler
configure:4113: g++ -c   conftest.cc >&5
configure:4119: $? = 0
configure:4123: test -z 
			 || test ! -s conftest.err
configure:4126: $? = 0
configure:4129: test -s conftest.o
configure:4132: $? = 0
configure:4145: result: yes
configure:4151: checking whether g++ accepts -g
configure:4172: g++ -c -g  conftest.cc >&5
configure:4178: $? = 0
configure:4182: test -z 
			 || test ! -s conftest.err
configure:4185: $? = 0
configure:4188: test -s conftest.o
configure:4191: $? = 0
configure:4202: result: yes
configure:4244: g++ -c -g -O2  conftest.cc >&5
configure:4250: $? = 0
configure:4254: test -z 
			 || test ! -s conftest.err
configure:4257: $? = 0
configure:4260: test -s conftest.o
configure:4263: $? = 0
configure:4289: g++ -c -g -O2  conftest.cc >&5
conftest.cc: In function 'int main()':
conftest.cc:23: error: 'exit' was not declared in this scope
configure:4295: $? = 1
configure: failed program was:
| /* confdefs.h.  */
| 
| #define PACKAGE_NAME ""
| #define PACKAGE_TARNAME ""
| #define PACKAGE_VERSION ""
| #define PACKAGE_STRING ""
| #define PACKAGE_BUGREPORT ""
| #define PYMPI_MAJOR "2"
| #define PYMPI_MINOR "6"
| #define PYMPI_RELEASE "a1"
| #define PYMPI_VERSION_SHORT "2.6"
| #define PACKAGE "pyMPI"
| #define VERSION "2.6a1"
| #define PYMPI_VERSION_NAME "pyMPI2.6"
| #define PYMPI_BADCANCEL 0
| #define PYMPI_ISATTY 1
| #define PYMPI_PROMPT_NL 1
| /* end confdefs.h.  */
| 
| int
| main ()
| {
| exit (42);
|   ;
|   return 0;
| }
configure:4244: g++ -c -g -O2  conftest.cc >&5
conftest.cc:19: error: 'void std::exit(int)' should have been declared inside 'std'
configure:4250: $? = 1
configure: failed program was:
| /* confdefs.h.  */
| 
| #define PACKAGE_NAME ""
| #define PACKAGE_TARNAME ""
| #define PACKAGE_VERSION ""
| #define PACKAGE_STRING ""
| #define PACKAGE_BUGREPORT ""
| #define PYMPI_MAJOR "2"
| #define PYMPI_MINOR "6"
| #define PYMPI_RELEASE "a1"
| #define PYMPI_VERSION_SHORT "2.6"
| #define PACKAGE "pyMPI"
| #define VERSION "2.6a1"
| #define PYMPI_VERSION_NAME "pyMPI2.6"
| #define PYMPI_BADCANCEL 0
| #define PYMPI_ISATTY 1
| #define PYMPI_PROMPT_NL 1
| /* end confdefs.h.  */
| extern "C" void std::exit (int) throw (); using std::exit;
| #include <stdlib.h>
| int
| main ()
| {
| exit (42);
|   ;
|   return 0;
| }
configure:4244: g++ -c -g -O2  conftest.cc >&5
conftest.cc:19: error: 'void std::exit(int)' should have been declared inside 'std'
In file included from conftest.cc:20:
/usr/include/stdlib.h:544: error: declaration of 'void std::exit(int) throw ()' throws different exceptions
conftest.cc:19: error: from previous declaration 'void std::exit(int)'
configure:4250: $? = 1
configure: failed program was:
| /* confdefs.h.  */
| 
| #define PACKAGE_NAME ""
| #define PACKAGE_TARNAME ""
| #define PACKAGE_VERSION ""
| #define PACKAGE_STRING ""
| #define PACKAGE_BUGREPORT ""
| #define PYMPI_MAJOR "2"
| #define PYMPI_MINOR "6"
| #define PYMPI_RELEASE "a1"
| #define PYMPI_VERSION_SHORT "2.6"
| #define PACKAGE "pyMPI"
| #define VERSION "2.6a1"
| #define PYMPI_VERSION_NAME "pyMPI2.6"
| #define PYMPI_BADCANCEL 0
| #define PYMPI_ISATTY 1
| #define PYMPI_PROMPT_NL 1
| /* end confdefs.h.  */
| extern "C" void std::exit (int); using std::exit;
| #include <stdlib.h>
| int
| main ()
| {
| exit (42);
|   ;
|   return 0;
| }
configure:4244: g++ -c -g -O2  conftest.cc >&5
configure:4250: $? = 0
configure:4254: test -z 
			 || test ! -s conftest.err
configure:4257: $? = 0
configure:4260: test -s conftest.o
configure:4263: $? = 0
configure:4289: g++ -c -g -O2  conftest.cc >&5
configure:4295: $? = 0
configure:4299: test -z 
			 || test ! -s conftest.err
configure:4302: $? = 0
configure:4305: test -s conftest.o
configure:4308: $? = 0
configure:4333: checking dependency style of g++
configure:4423: result: none
configure:4455: checking for mpiicc
configure:4473: found /usr/local/bin/mpiicc
configure:4485: result: /usr/local/bin/mpiicc
configure:4512: checking for g++
configure:4530: found /usr/local/bin/g++
configure:4542: result: /usr/local/bin/g++
configure:4565: checking if /usr/local/bin/mpiicc -E -w is a valid CPP
configure:4575: result: yes
configure:4588: checking how to run the C preprocessor
configure:4706: result: /usr/local/bin/mpiicc -E -w
configure:4730: /usr/local/bin/mpiicc -E -w  conftest.c
configure:4736: $? = 0
configure:4768: /usr/local/bin/mpiicc -E -w  conftest.c
conftest.c(22): error #2379: cannot open source file "ac_nonexistent.h"
  #include <ac_nonexistent.h>
                             ^

configure:4774: $? = 2
configure: failed program was:
| /* confdefs.h.  */
| 
| #define PACKAGE_NAME ""
| #define PACKAGE_TARNAME ""
| #define PACKAGE_VERSION ""
| #define PACKAGE_STRING ""
| #define PACKAGE_BUGREPORT ""
| #define PYMPI_MAJOR "2"
| #define PYMPI_MINOR "6"
| #define PYMPI_RELEASE "a1"
| #define PYMPI_VERSION_SHORT "2.6"
| #define PACKAGE "pyMPI"
| #define VERSION "2.6a1"
| #define PYMPI_VERSION_NAME "pyMPI2.6"
| #define PYMPI_BADCANCEL 0
| #define PYMPI_ISATTY 1
| #define PYMPI_PROMPT_NL 1
| #ifdef __cplusplus
| extern "C" void exit (int) throw ();
| #endif
| /* end confdefs.h.  */
| #include <ac_nonexistent.h>
configure:4827: checking for --with-python
configure:4840: result: no
configure:4885: checking executable /usr/local/bin/python2.7.1
configure:4887: result: yes
configure:4936: checking for Python
configure:4938: result: /usr/local/bin/python2.7.1
configure:4943: checking for MPIRun.exe
configure:4976: result: no
configure:4982: checking for mpirun
configure:5000: found /usr/local/bin/mpirun
configure:5012: result: /usr/local/bin/mpirun
configure:5021: checking for mvrun
configure:5054: result: no
configure:5060: checking for poe
configure:5093: result: no
configure:5099: checking for nopoe
configure:5132: result: no
configure:5137: checking Python version 2.2 or higher
configure:5140: result: yes
configure:5150: checking distutils?
configure:5153: result: yes
configure:5161: checking distutils works
configure:5164: result: yes
configure:5175: checking Numeric?
configure:5178: result: 
configure:5188: checking Numpy?
configure:5191: result: yes
configure:5207: checking Python version string
configure:5210: result: 2.7
configure:5220: checking install prefix for /usr/local/bin/python2.7.1
configure:5227: result: /usr/apps/python2.7.1
configure:5232: checking Prefix exists...
configure:5235: result: yes
configure:5265: checking for python includes locations
configure:5269: result: /usr/apps/python2.7.1/include/python2.7
configure:5272: checking that include directory exists
configure:5275: result: yes
configure:5285: checking python_inc
configure:5288: result: /usr/apps/python2.7.1/include/python2.7
configure:5291: checking that include directory exists
configure:5294: result: yes
configure:5330: checking for numpy header files via exec_prefix
configure:5334: result: /usr/apps/python2.7.1/lib/python2.7/site-packages
configure:5342: checking numpy outside site-packages?
configure:5346: result: /usr/apps/python2.7.1/lib/python2.7/site-packages/numpy
configure:5356: checking for python library location
configure:5360: result: /usr/apps/python2.7.1/lib/python2.7/site-packages
configure:5363: checking that lib directory is accessable
configure:5366: result: yes
configure:5375: checking for python lib/config location
configure:5379: result: /usr/apps/python2.7.1/lib/python2.7/config
configure:5387: checking that lib/config directory is accessable
configure:5390: result: yes
configure:5401: checking libpython2.7.a is there
configure:5404: result: yes
configure:5419: checking configuration Makefile is there
configure:5422: result: yes
configure:5433: checking module configuration table is there
configure:5436: result: yes
configure:5448: checking original Python there
configure:5451: result: yes
configure:5462: checking for --with-includes
configure:5483: result: no
configure:5490: checking for compiler based include directory
configure:5498: result: no
configure:5502: checking MPI_COMPILE_FLAGS
configure:5505: result: no
configure:5512: checking MPI_LD_FLAGS
configure:5515: result: no
configure:5523: checking for ANSI C header files
configure:5548: /usr/local/bin/mpiicc -c -g -O2  -I/usr/apps/python2.7.1/include/python2.7 -I/usr/apps/python2.7.1/include/python2.7 -I/usr/apps/python2.7.1/lib/python2.7/site-packages/numpy/core/include -I/usr/apps/python2.7.1/include/python2.7 -I/usr/apps/python2.7.1/lib/python2.7/site-packages/numpy/core/include conftest.c >&5
configure:5554: $? = 0
configure:5558: test -z 
			 || test ! -s conftest.err
configure:5561: $? = 0
configure:5564: test -s conftest.o
configure:5567: $? = 0
configure:5656: /usr/local/bin/mpiicc -o conftest -g -O2  -I/usr/apps/python2.7.1/include/python2.7 -I/usr/apps/python2.7.1/include/python2.7 -I/usr/apps/python2.7.1/lib/python2.7/site-packages/numpy/core/include -I/usr/apps/python2.7.1/include/python2.7 -I/usr/apps/python2.7.1/lib/python2.7/site-packages/numpy/core/include  conftest.c  -L/usr/apps/python2.7.1/lib/python2.7/config -lpython2.7 >&5
configure:5659: $? = 0
configure:5661: ./conftest
configure:5664: $? = 0
configure:5679: result: yes
configure:5703: checking for sys/types.h
configure:5719: /usr/local/bin/mpiicc -c -g -O2  -I/usr/apps/python2.7.1/include/python2.7 -I/usr/apps/python2.7.1/include/python2.7 -I/usr/apps/python2.7.1/lib/python2.7/site-packages/numpy/core/include -I/usr/apps/python2.7.1/include/python2.7 -I/usr/apps/python2.7.1/lib/python2.7/site-packages/numpy/core/include conftest.c >&5
configure:5725: $? = 0
configure:5729: test -z 
			 || test ! -s conftest.err
configure:5732: $? = 0
configure:5735: test -s conftest.o
configure:5738: $? = 0
configure:5749: result: yes
configure:5703: checking for sys/stat.h
configure:5719: /usr/local/bin/mpiicc -c -g -O2  -I/usr/apps/python2.7.1/include/python2.7 -I/usr/apps/python2.7.1/include/python2.7 -I/usr/apps/python2.7.1/lib/python2.7/site-packages/numpy/core/include -I/usr/apps/python2.7.1/include/python2.7 -I/usr/apps/python2.7.1/lib/python2.7/site-packages/numpy/core/include conftest.c >&5
configure:5725: $? = 0
configure:5729: test -z 
			 || test ! -s conftest.err
configure:5732: $? = 0
configure:5735: test -s conftest.o
configure:5738: $? = 0
configure:5749: result: yes
configure:5703: checking for stdlib.h
configure:5719: /usr/local/bin/mpiicc -c -g -O2  -I/usr/apps/python2.7.1/include/python2.7 -I/usr/apps/python2.7.1/include/python2.7 -I/usr/apps/python2.7.1/lib/python2.7/site-packages/numpy/core/include -I/usr/apps/python2.7.1/include/python2.7 -I/usr/apps/python2.7.1/lib/python2.7/site-packages/numpy/core/include conftest.c >&5
configure:5725: $? = 0
configure:5729: test -z 
			 || test ! -s conftest.err
configure:5732: $? = 0
configure:5735: test -s conftest.o
configure:5738: $? = 0
configure:5749: result: yes
configure:5703: checking for string.h
configure:5719: /usr/local/bin/mpiicc -c -g -O2  -I/usr/apps/python2.7.1/include/python2.7 -I/usr/apps/python2.7.1/include/python2.7 -I/usr/apps/python2.7.1/lib/python2.7/site-packages/numpy/core/include -I/usr/apps/python2.7.1/include/python2.7 -I/usr/apps/python2.7.1/lib/python2.7/site-packages/numpy/core/include conftest.c >&5
configure:5725: $? = 0
configure:5729: test -z 
			 || test ! -s conftest.err
configure:5732: $? = 0
configure:5735: test -s conftest.o
configure:5738: $? = 0
configure:5749: result: yes
configure:5703: checking for memory.h
configure:5719: /usr/local/bin/mpiicc -c -g -O2  -I/usr/apps/python2.7.1/include/python2.7 -I/usr/apps/python2.7.1/include/python2.7 -I/usr/apps/python2.7.1/lib/python2.7/site-packages/numpy/core/include -I/usr/apps/python2.7.1/include/python2.7 -I/usr/apps/python2.7.1/lib/python2.7/site-packages/numpy/core/include conftest.c >&5
configure:5725: $? = 0
configure:5729: test -z 
			 || test ! -s conftest.err
configure:5732: $? = 0
configure:5735: test -s conftest.o
configure:5738: $? = 0
configure:5749: result: yes
configure:5703: checking for strings.h
configure:5719: /usr/local/bin/mpiicc -c -g -O2  -I/usr/apps/python2.7.1/include/python2.7 -I/usr/apps/python2.7.1/include/python2.7 -I/usr/apps/python2.7.1/lib/python2.7/site-packages/numpy/core/include -I/usr/apps/python2.7.1/include/python2.7 -I/usr/apps/python2.7.1/lib/python2.7/site-packages/numpy/core/include conftest.c >&5
configure:5725: $? = 0
configure:5729: test -z 
			 || test ! -s conftest.err
configure:5732: $? = 0
configure:5735: test -s conftest.o
configure:5738: $? = 0
configure:5749: result: yes
configure:5703: checking for inttypes.h
configure:5719: /usr/local/bin/mpiicc -c -g -O2  -I/usr/apps/python2.7.1/include/python2.7 -I/usr/apps/python2.7.1/include/python2.7 -I/usr/apps/python2.7.1/lib/python2.7/site-packages/numpy/core/include -I/usr/apps/python2.7.1/include/python2.7 -I/usr/apps/python2.7.1/lib/python2.7/site-packages/numpy/core/include conftest.c >&5
configure:5725: $? = 0
configure:5729: test -z 
			 || test ! -s conftest.err
configure:5732: $? = 0
configure:5735: test -s conftest.o
configure:5738: $? = 0
configure:5749: result: yes
configure:5703: checking for stdint.h
configure:5719: /usr/local/bin/mpiicc -c -g -O2  -I/usr/apps/python2.7.1/include/python2.7 -I/usr/apps/python2.7.1/include/python2.7 -I/usr/apps/python2.7.1/lib/python2.7/site-packages/numpy/core/include -I/usr/apps/python2.7.1/include/python2.7 -I/usr/apps/python2.7.1/lib/python2.7/site-packages/numpy/core/include conftest.c >&5
configure:5725: $? = 0
configure:5729: test -z 
			 || test ! -s conftest.err
configure:5732: $? = 0
configure:5735: test -s conftest.o
configure:5738: $? = 0
configure:5749: result: yes
configure:5703: checking for unistd.h
configure:5719: /usr/local/bin/mpiicc -c -g -O2  -I/usr/apps/python2.7.1/include/python2.7 -I/usr/apps/python2.7.1/include/python2.7 -I/usr/apps/python2.7.1/lib/python2.7/site-packages/numpy/core/include -I/usr/apps/python2.7.1/include/python2.7 -I/usr/apps/python2.7.1/lib/python2.7/site-packages/numpy/core/include conftest.c >&5
configure:5725: $? = 0
configure:5729: test -z 
			 || test ! -s conftest.err
configure:5732: $? = 0
configure:5735: test -s conftest.o
configure:5738: $? = 0
configure:5749: result: yes
configure:5771: checking mpi.h usability
configure:5783: /usr/local/bin/mpiicc -c -g -O2  -I/usr/apps/python2.7.1/include/python2.7 -I/usr/apps/python2.7.1/include/python2.7 -I/usr/apps/python2.7.1/lib/python2.7/site-packages/numpy/core/include -I/usr/apps/python2.7.1/include/python2.7 -I/usr/apps/python2.7.1/lib/python2.7/site-packages/numpy/core/include conftest.c >&5
configure:5789: $? = 0
configure:5793: test -z 
			 || test ! -s conftest.err
configure:5796: $? = 0
configure:5799: test -s conftest.o
configure:5802: $? = 0
configure:5812: result: yes
configure:5816: checking mpi.h presence
configure:5826: /usr/local/bin/mpiicc -E -w  -I/usr/apps/python2.7.1/include/python2.7 -I/usr/apps/python2.7.1/include/python2.7 -I/usr/apps/python2.7.1/lib/python2.7/site-packages/numpy/core/include -I/usr/apps/python2.7.1/include/python2.7 -I/usr/apps/python2.7.1/lib/python2.7/site-packages/numpy/core/include conftest.c
configure:5832: $? = 0
configure:5852: result: yes
configure:5887: checking for mpi.h
configure:5894: result: yes
configure:5921: checking Python.h usability
configure:5933: /usr/local/bin/mpiicc -c -g -O2  -I/usr/apps/python2.7.1/include/python2.7 -I/usr/apps/python2.7.1/include/python2.7 -I/usr/apps/python2.7.1/lib/python2.7/site-packages/numpy/core/include -I/usr/apps/python2.7.1/include/python2.7 -I/usr/apps/python2.7.1/lib/python2.7/site-packages/numpy/core/include conftest.c >&5
/usr/apps/python2.7.1/include/python2.7/pyconfig.h(1155): warning #47: incompatible redefinition of macro "_POSIX_C_SOURCE" (declared at line 213 of "/usr/include/features.h")
  #define _POSIX_C_SOURCE 200112L
          ^

configure:5939: $? = 0
configure:5943: test -z 
			 || test ! -s conftest.err
configure:5946: $? = 0
configure:5949: test -s conftest.o
configure:5952: $? = 0
configure:5962: result: yes
configure:5966: checking Python.h presence
configure:5976: /usr/local/bin/mpiicc -E -w  -I/usr/apps/python2.7.1/include/python2.7 -I/usr/apps/python2.7.1/include/python2.7 -I/usr/apps/python2.7.1/lib/python2.7/site-packages/numpy/core/include -I/usr/apps/python2.7.1/include/python2.7 -I/usr/apps/python2.7.1/lib/python2.7/site-packages/numpy/core/include conftest.c
configure:5982: $? = 0
configure:6002: result: yes
configure:6037: checking for Python.h
configure:6044: result: yes
configure:6070: checking Python CC
configure:6073: result: gcc -pthread
configure:6082: checking Python CFLAGS
configure:6085: result: -fno-strict-aliasing -g -O2 -DNDEBUG -g -fwrapv -O3 -Wall -Wstrict-prototypes
configure:6094: checking Python INCLUDEPY
configure:6097: result: /collab/usr/gapps/python/chaos_5_x86_64_ib/opt-2.7.1/include/python2.7
configure:6106: checking Python OPT
configure:6109: result: -DNDEBUG -g -fwrapv -O3 -Wall -Wstrict-prototypes
configure:6118: checking Python LDFLAGS
configure:6121: result: 
configure:6130: checking Python LINKFORSHARED
configure:6133: result: -Xlinker -export-dynamic
configure:6142: checking Python CCSHARED
configure:6145: result: -fPIC
configure:6158: checking Python LDSHARED
configure:6161: result: gcc -pthread -shared
configure:6170: checking Python BLDSHARED
configure:6173: result: gcc -pthread -shared
configure:6183: checking Python LOCALMODLIBS
configure:6186: result: 
configure:6195: checking Python BASEMODLIBS
configure:6198: result: 
configure:6207: checking Python LIBS
configure:6210: result: -lpthread -ldl  -lutil
configure:6219: checking Python LDLAST
configure:6222: result: 
configure:6226: checking Python library options
configure:6229: result:  -L/usr/apps/python2.7.1/lib/python2.7/config -lpython2.7  -Xlinker -export-dynamic   -lpthread -ldl  -lutil 
configure:6258: checking for --with-debug
configure:6278: result: no
configure:6292: checking python.exp file
configure:6301: result: no
configure:6305: checking sysconf(_SC_NPROCESSORS_CONF)
configure:6329: gcc -pthread -c -g -O2 -fPIC  -I/usr/apps/python2.7.1/include/python2.7 -I/usr/apps/python2.7.1/include/python2.7 -I/usr/apps/python2.7.1/lib/python2.7/site-packages/numpy/core/include -I/usr/apps/python2.7.1/include/python2.7 -I/usr/apps/python2.7.1/lib/python2.7/site-packages/numpy/core/include conftest.c >&5
conftest.c: In function 'main':
conftest.c:46: warning: incompatible implicit declaration of built-in function 'exit'
configure:6335: $? = 0
configure:6339: test -z 
			 || test ! -s conftest.err
configure:6342: $? = 0
configure:6345: test -s conftest.o
configure:6348: $? = 0
configure:6367: result: yes
configure:6371: checking for ANSI C header files
configure:6527: result: yes
configure:6540: checking local processor count for testing
configure:6560: result: 12
configure:6563: checking for --with-libs
configure:6570: result: -lutility0 -lutility1 -lmodule0 -lmodule1 -lmodule2 
configure:6583: checking for pow in -lm
configure:6613: /usr/local/bin/mpiicc -o conftest -g -O2 -fPIC  -I/usr/apps/python2.7.1/include/python2.7 -I/usr/apps/python2.7.1/include/python2.7 -I/usr/apps/python2.7.1/lib/python2.7/site-packages/numpy/core/include -I/usr/apps/python2.7.1/include/python2.7 -I/usr/apps/python2.7.1/lib/python2.7/site-packages/numpy/core/include  conftest.c -lm   -L/usr/apps/python2.7.1/lib/python2.7/config -lpython2.7  -Xlinker -export-dynamic   -lpthread -ldl  -lutil  >&5
configure:6619: $? = 0
configure:6623: test -z 
			 || test ! -s conftest.err
configure:6626: $? = 0
configure:6629: test -s conftest
configure:6632: $? = 0
configure:6645: result: yes
configure:6660: checking for PyOS_StdioReadline
configure:6717: /usr/local/bin/mpiicc -o conftest -g -O2 -fPIC  -I/usr/apps/python2.7.1/include/python2.7 -I/usr/apps/python2.7.1/include/python2.7 -I/usr/apps/python2.7.1/lib/python2.7/site-packages/numpy/core/include -I/usr/apps/python2.7.1/include/python2.7 -I/usr/apps/python2.7.1/lib/python2.7/site-packages/numpy/core/include  conftest.c -lm  -L/usr/apps/python2.7.1/lib/python2.7/config -lpython2.7  -Xlinker -export-dynamic   -lpthread -ldl  -lutil  >&5
/usr/apps/python2.7.1/lib/python2.7/config/libpython2.7.a(posixmodule.o): In function `posix_tmpnam':
/collab/usr/gapps/python/chaos_5_x86_64_ib/opt-2.7.1/src/Python-2.7.1/./Modules/posixmodule.c:7346: warning: the use of `tmpnam_r' is dangerous, better use `mkstemp'
/usr/apps/python2.7.1/lib/python2.7/config/libpython2.7.a(posixmodule.o): In function `posix_tempnam':
/collab/usr/gapps/python/chaos_5_x86_64_ib/opt-2.7.1/src/Python-2.7.1/./Modules/posixmodule.c:7301: warning: the use of `tempnam' is dangerous, better use `mkstemp'
configure:6723: $? = 0
configure:6727: test -z 
			 || test ! -s conftest.err
configure:6730: $? = 0
configure:6733: test -s conftest
configure:6736: $? = 0
configure:6748: result: yes
configure:6763: checking for setlinebuf
configure:6820: /usr/local/bin/mpiicc -o conftest -g -O2 -fPIC  -I/usr/apps/python2.7.1/include/python2.7 -I/usr/apps/python2.7.1/include/python2.7 -I/usr/apps/python2.7.1/lib/python2.7/site-packages/numpy/core/include -I/usr/apps/python2.7.1/include/python2.7 -I/usr/apps/python2.7.1/lib/python2.7/site-packages/numpy/core/include  conftest.c -lm  -L/usr/apps/python2.7.1/lib/python2.7/config -lpython2.7  -Xlinker -export-dynamic   -lpthread -ldl  -lutil  >&5
configure:6826: $? = 0
configure:6830: test -z 
			 || test ! -s conftest.err
configure:6833: $? = 0
configure:6836: test -s conftest
configure:6839: $? = 0
configure:6851: result: yes
configure:6876: checking sys/param.h usability
configure:6888: /usr/local/bin/mpiicc -c -g -O2 -fPIC  -I/usr/apps/python2.7.1/include/python2.7 -I/usr/apps/python2.7.1/include/python2.7 -I/usr/apps/python2.7.1/lib/python2.7/site-packages/numpy/core/include -I/usr/apps/python2.7.1/include/python2.7 -I/usr/apps/python2.7.1/lib/python2.7/site-packages/numpy/core/include conftest.c >&5
configure:6894: $? = 0
configure:6898: test -z 
			 || test ! -s conftest.err
configure:6901: $? = 0
configure:6904: test -s conftest.o
configure:6907: $? = 0
configure:6917: result: yes
configure:6921: checking sys/param.h presence
configure:6931: /usr/local/bin/mpiicc -E -w  -I/usr/apps/python2.7.1/include/python2.7 -I/usr/apps/python2.7.1/include/python2.7 -I/usr/apps/python2.7.1/lib/python2.7/site-packages/numpy/core/include -I/usr/apps/python2.7.1/include/python2.7 -I/usr/apps/python2.7.1/lib/python2.7/site-packages/numpy/core/include conftest.c
configure:6937: $? = 0
configure:6957: result: yes
configure:6992: checking for sys/param.h
configure:6999: result: yes
configure:7019: checking Python links as is
configure:7044: /usr/local/bin/mpiicc -o conftest -g -O2 -fPIC  -I/usr/apps/python2.7.1/include/python2.7 -I/usr/apps/python2.7.1/include/python2.7 -I/usr/apps/python2.7.1/lib/python2.7/site-packages/numpy/core/include -I/usr/apps/python2.7.1/include/python2.7 -I/usr/apps/python2.7.1/lib/python2.7/site-packages/numpy/core/include  conftest.c -lm  -L/usr/apps/python2.7.1/lib/python2.7/config -lpython2.7  -Xlinker -export-dynamic   -lpthread -ldl  -lutil   -lm >&5
/usr/apps/python2.7.1/lib/python2.7/config/libpython2.7.a(posixmodule.o): In function `posix_tmpnam':
/collab/usr/gapps/python/chaos_5_x86_64_ib/opt-2.7.1/src/Python-2.7.1/./Modules/posixmodule.c:7346: warning: the use of `tmpnam_r' is dangerous, better use `mkstemp'
/usr/apps/python2.7.1/lib/python2.7/config/libpython2.7.a(posixmodule.o): In function `posix_tempnam':
/collab/usr/gapps/python/chaos_5_x86_64_ib/opt-2.7.1/src/Python-2.7.1/./Modules/posixmodule.c:7301: warning: the use of `tempnam' is dangerous, better use `mkstemp'
configure:7050: $? = 0
configure:7054: test -z 
			 || test ! -s conftest.err
configure:7057: $? = 0
configure:7060: test -s conftest
configure:7063: $? = 0
configure:7066: result: yes
configure:7217: checking for MPI capability
configure:7240: /usr/local/bin/mpiicc -o conftest -g -O2 -fPIC  -I/usr/apps/python2.7.1/include/python2.7 -I/usr/apps/python2.7.1/include/python2.7 -I/usr/apps/python2.7.1/lib/python2.7/site-packages/numpy/core/include -I/usr/apps/python2.7.1/include/python2.7 -I/usr/apps/python2.7.1/lib/python2.7/site-packages/numpy/core/include  conftest.c -lm  -L/usr/apps/python2.7.1/lib/python2.7/config -lpython2.7  -Xlinker -export-dynamic   -lpthread -ldl  -lutil   -lm >&5
configure:7246: $? = 0
configure:7250: test -z 
			 || test ! -s conftest.err
configure:7253: $? = 0
configure:7256: test -s conftest
configure:7259: $? = 0
configure:7262: result: yes
configure:7346: checking for Py_ReadOnlyBytecodeFlag
configure:7403: /usr/local/bin/mpiicc -o conftest -g -O2 -fPIC  -I/usr/apps/python2.7.1/include/python2.7 -I/usr/apps/python2.7.1/include/python2.7 -I/usr/apps/python2.7.1/lib/python2.7/site-packages/numpy/core/include -I/usr/apps/python2.7.1/include/python2.7 -I/usr/apps/python2.7.1/lib/python2.7/site-packages/numpy/core/include  conftest.c -lm  -L/usr/apps/python2.7.1/lib/python2.7/config -lpython2.7  -Xlinker -export-dynamic   -lpthread -ldl  -lutil   >&5
/var/tmp/lee218/icc56YlMr.o:(.data+0x0): undefined reference to `Py_ReadOnlyBytecodeFlag'
/var/tmp/lee218/icc56YlMr.o: In function `main':
/g/g0/lee218/bgq/python/pynamic-1.1.bgq/pynamic-pyMPI-2.6a1/conftest.c:85: undefined reference to `Py_ReadOnlyBytecodeFlag'
configure:7409: $? = 1
configure: failed program was:
| /* confdefs.h.  */
| 
| #define PACKAGE_NAME ""
| #define PACKAGE_TARNAME ""
| #define PACKAGE_VERSION ""
| #define PACKAGE_STRING ""
| #define PACKAGE_BUGREPORT ""
| #define PYMPI_MAJOR "2"
| #define PYMPI_MINOR "6"
| #define PYMPI_RELEASE "a1"
| #define PYMPI_VERSION_SHORT "2.6"
| #define PACKAGE "pyMPI"
| #define VERSION "2.6a1"
| #define PYMPI_VERSION_NAME "pyMPI2.6"
| #define PYMPI_BADCANCEL 0
| #define PYMPI_ISATTY 1
| #define PYMPI_PROMPT_NL 1
| #ifdef __cplusplus
| extern "C" void exit (int) throw ();
| #endif
| #define PYMPI_HAS_NUMPY
| #define PYMPI_PREFIX "/usr/apps/python2.7.1"
| #define PYMPI_LIBDIR "/usr/apps/python2.7.1/lib/pyMPI2.6"
| #define PYMPI_INCLUDEDIR "/usr/apps/python2.7.1/include/pyMPI2.6"
| #define PYMPI_SITEDIR "/usr/apps/python2.7.1/lib/pyMPI2.6/site-packages"
| #define PYMPI_PYTHON_CONFIGDIR "/usr/apps/python2.7.1/lib/python2.7/config"
| #define PYMPI_PYTHON_LIBRARY "python2.7"
| #define STDC_HEADERS 1
| #define HAVE_SYS_TYPES_H 1
| #define HAVE_SYS_STAT_H 1
| #define HAVE_STDLIB_H 1
| #define HAVE_STRING_H 1
| #define HAVE_MEMORY_H 1
| #define HAVE_STRINGS_H 1
| #define HAVE_INTTYPES_H 1
| #define HAVE_STDINT_H 1
| #define HAVE_UNISTD_H 1
| #define PYMPI_HAVE_SYSCONF_NPROCESSORS
| #define STDC_HEADERS 1
| #define HAVE_LIBM 1
| #define HAVE_PYOS_STDIOREADLINE 1
| #define HAVE_SETLINEBUF 1
| #define HAVE_SYS_PARAM_H 1
| /* end confdefs.h.  */
| /* Define Py_ReadOnlyBytecodeFlag to an innocuous variant, in case <limits.h> declares Py_ReadOnlyBytecodeFlag.
|    For example, HP-UX 11i <limits.h> declares gettimeofday.  */
| #define Py_ReadOnlyBytecodeFlag innocuous_Py_ReadOnlyBytecodeFlag
| 
| /* System header to define __stub macros and hopefully few prototypes,
|     which can conflict with char Py_ReadOnlyBytecodeFlag (); below.
|     Prefer <limits.h> to <assert.h> if __STDC__ is defined, since
|     <limits.h> exists even on freestanding compilers.  */
| 
| #ifdef __STDC__
| # include <limits.h>
| #else
| # include <assert.h>
| #endif
| 
| #undef Py_ReadOnlyBytecodeFlag
| 
| /* Override any gcc2 internal prototype to avoid an error.  */
| #ifdef __cplusplus
| extern "C"
| {
| #endif
| /* We use char because int might match the return type of a gcc2
|    builtin and then its argument prototype would still apply.  */
| char Py_ReadOnlyBytecodeFlag ();
| /* The GNU C library defines this for functions which it implements
|     to always fail with ENOSYS.  Some functions are actually named
|     something starting with __ and the normal name is an alias.  */
| #if defined (__stub_Py_ReadOnlyBytecodeFlag) || defined (__stub___Py_ReadOnlyBytecodeFlag)
| choke me
| #else
| char (*f) () = Py_ReadOnlyBytecodeFlag;
| #endif
| #ifdef __cplusplus
| }
| #endif
| 
| int
| main ()
| {
| return f != Py_ReadOnlyBytecodeFlag;
|   ;
|   return 0;
| }
configure:7434: result: no
configure:7445: checking for Py_ssize_t
configure:7467: /usr/local/bin/mpiicc -c -g -O2 -fPIC  -I/usr/apps/python2.7.1/include/python2.7 -I/usr/apps/python2.7.1/include/python2.7 -I/usr/apps/python2.7.1/lib/python2.7/site-packages/numpy/core/include -I/usr/apps/python2.7.1/include/python2.7 -I/usr/apps/python2.7.1/lib/python2.7/site-packages/numpy/core/include conftest.c >&5
configure:7473: $? = 0
configure:7477: test -z 
			 || test ! -s conftest.err
configure:7480: $? = 0
configure:7483: test -s conftest.o
configure:7486: $? = 0
configure:7494: result: yes
configure:7509: checking for MPI_Initialized()
configure:7532: /usr/local/bin/mpiicc -o conftest -g -O2 -fPIC  -I/usr/apps/python2.7.1/include/python2.7 -I/usr/apps/python2.7.1/include/python2.7 -I/usr/apps/python2.7.1/lib/python2.7/site-packages/numpy/core/include -I/usr/apps/python2.7.1/include/python2.7 -I/usr/apps/python2.7.1/lib/python2.7/site-packages/numpy/core/include  conftest.c -lm  -L/usr/apps/python2.7.1/lib/python2.7/config -lpython2.7  -Xlinker -export-dynamic   -lpthread -ldl  -lutil   >&5
configure:7538: $? = 0
configure:7542: test -z 
			 || test ! -s conftest.err
configure:7545: $? = 0
configure:7548: test -s conftest
configure:7551: $? = 0
configure:7559: result: yes
configure:7574: checking for MPI_Finalized()
configure:7597: /usr/local/bin/mpiicc -o conftest -g -O2 -fPIC  -I/usr/apps/python2.7.1/include/python2.7 -I/usr/apps/python2.7.1/include/python2.7 -I/usr/apps/python2.7.1/lib/python2.7/site-packages/numpy/core/include -I/usr/apps/python2.7.1/include/python2.7 -I/usr/apps/python2.7.1/lib/python2.7/site-packages/numpy/core/include  conftest.c -lm  -L/usr/apps/python2.7.1/lib/python2.7/config -lpython2.7  -Xlinker -export-dynamic   -lpthread -ldl  -lutil   >&5
configure:7603: $? = 0
configure:7607: test -z 
			 || test ! -s conftest.err
configure:7610: $? = 0
configure:7613: test -s conftest
configure:7616: $? = 0
configure:7624: result: yes
configure:7639: checking for MPI File operations (ROMIO)
configure:7662: /usr/local/bin/mpiicc -o conftest -g -O2 -fPIC  -I/usr/apps/python2.7.1/include/python2.7 -I/usr/apps/python2.7.1/include/python2.7 -I/usr/apps/python2.7.1/lib/python2.7/site-packages/numpy/core/include -I/usr/apps/python2.7.1/include/python2.7 -I/usr/apps/python2.7.1/lib/python2.7/site-packages/numpy/core/include  conftest.c -lm  -L/usr/apps/python2.7.1/lib/python2.7/config -lpython2.7  -Xlinker -export-dynamic   -lpthread -ldl  -lutil   >&5
conftest.c(56): warning #167: argument of type "int *" is incompatible with parameter of type "MPI_File *"
  MPI_File_close(&flag);
                 ^

configure:7668: $? = 0
configure:7672: test -z 
			 || test ! -s conftest.err
configure:7675: $? = 0
configure:7678: test -s conftest
configure:7681: $? = 0
configure:7689: result: yes
configure:7704: checking for AIX dynamic load
configure:7735: result: no
configure:7753: checking for MPI Comm name operations
configure:7779: /usr/local/bin/mpiicc -o conftest -g -O2 -fPIC  -I/usr/apps/python2.7.1/include/python2.7 -I/usr/apps/python2.7.1/include/python2.7 -I/usr/apps/python2.7.1/lib/python2.7/site-packages/numpy/core/include -I/usr/apps/python2.7.1/include/python2.7 -I/usr/apps/python2.7.1/lib/python2.7/site-packages/numpy/core/include  conftest.c -lm  -L/usr/apps/python2.7.1/lib/python2.7/config -lpython2.7  -Xlinker -export-dynamic   -lpthread -ldl  -lutil   >&5
conftest.c(59): warning #167: argument of type "int" is incompatible with parameter of type "int *"
  MPI_Comm_get_name(com,name,resultlen);
                             ^

conftest.c(59): warning #592: variable "com" is used before its value is set
  MPI_Comm_get_name(com,name,resultlen);
                    ^

conftest.c(59): warning #592: variable "resultlen" is used before its value is set
  MPI_Comm_get_name(com,name,resultlen);
                             ^

configure:7785: $? = 0
configure:7789: test -z 
			 || test ! -s conftest.err
configure:7792: $? = 0
configure:7795: test -s conftest
configure:7798: $? = 0
configure:7806: result: yes
configure:7835: checking pm_util.h usability
configure:7847: /usr/local/bin/mpiicc -c -g -O2 -fPIC  -I/usr/apps/python2.7.1/include/python2.7 -I/usr/apps/python2.7.1/include/python2.7 -I/usr/apps/python2.7.1/lib/python2.7/site-packages/numpy/core/include -I/usr/apps/python2.7.1/include/python2.7 -I/usr/apps/python2.7.1/lib/python2.7/site-packages/numpy/core/include conftest.c >&5
conftest.c(84): catastrophic error: cannot open source file "pm_util.h"
  #include <pm_util.h>
                      ^

compilation aborted for conftest.c (code 4)
configure:7853: $? = 4
configure: failed program was:
| /* confdefs.h.  */
| 
| #define PACKAGE_NAME ""
| #define PACKAGE_TARNAME ""
| #define PACKAGE_VERSION ""
| #define PACKAGE_STRING ""
| #define PACKAGE_BUGREPORT ""
| #define PYMPI_MAJOR "2"
| #define PYMPI_MINOR "6"
| #define PYMPI_RELEASE "a1"
| #define PYMPI_VERSION_SHORT "2.6"
| #define PACKAGE "pyMPI"
| #define VERSION "2.6a1"
| #define PYMPI_VERSION_NAME "pyMPI2.6"
| #define PYMPI_BADCANCEL 0
| #define PYMPI_ISATTY 1
| #define PYMPI_PROMPT_NL 1
| #ifdef __cplusplus
| extern "C" void exit (int) throw ();
| #endif
| #define PYMPI_HAS_NUMPY
| #define PYMPI_PREFIX "/usr/apps/python2.7.1"
| #define PYMPI_LIBDIR "/usr/apps/python2.7.1/lib/pyMPI2.6"
| #define PYMPI_INCLUDEDIR "/usr/apps/python2.7.1/include/pyMPI2.6"
| #define PYMPI_SITEDIR "/usr/apps/python2.7.1/lib/pyMPI2.6/site-packages"
| #define PYMPI_PYTHON_CONFIGDIR "/usr/apps/python2.7.1/lib/python2.7/config"
| #define PYMPI_PYTHON_LIBRARY "python2.7"
| #define STDC_HEADERS 1
| #define HAVE_SYS_TYPES_H 1
| #define HAVE_SYS_STAT_H 1
| #define HAVE_STDLIB_H 1
| #define HAVE_STRING_H 1
| #define HAVE_MEMORY_H 1
| #define HAVE_STRINGS_H 1
| #define HAVE_INTTYPES_H 1
| #define HAVE_STDINT_H 1
| #define HAVE_UNISTD_H 1
| #define PYMPI_HAVE_SYSCONF_NPROCESSORS
| #define STDC_HEADERS 1
| #define HAVE_LIBM 1
| #define HAVE_PYOS_STDIOREADLINE 1
| #define HAVE_SETLINEBUF 1
| #define HAVE_SYS_PARAM_H 1
| #define HAVE_PY_SSIZE_T
| #define HAVE_MPI_INITIALIZED
| #define HAVE_MPI_FINALIZED
| #define HAVE_MPI_FILE_OPERATIONS
| #define HAVE_MPI_COMM_NAME_OPERATIONS
| /* end confdefs.h.  */
| #include <stdio.h>
| #if HAVE_SYS_TYPES_H
| # include <sys/types.h>
| #endif
| #if HAVE_SYS_STAT_H
| # include <sys/stat.h>
| #endif
| #if STDC_HEADERS
| # include <stdlib.h>
| # include <stddef.h>
| #else
| # if HAVE_STDLIB_H
| #  include <stdlib.h>
| # endif
| #endif
| #if HAVE_STRING_H
| # if !STDC_HEADERS && HAVE_MEMORY_H
| #  include <memory.h>
| # endif
| # include <string.h>
| #endif
| #if HAVE_STRINGS_H
| # include <strings.h>
| #endif
| #if HAVE_INTTYPES_H
| # include <inttypes.h>
| #else
| # if HAVE_STDINT_H
| #  include <stdint.h>
| # endif
| #endif
| #if HAVE_UNISTD_H
| # include <unistd.h>
| #endif
| #include <pm_util.h>
configure:7876: result: no
configure:7880: checking pm_util.h presence
configure:7890: /usr/local/bin/mpiicc -E -w  -I/usr/apps/python2.7.1/include/python2.7 -I/usr/apps/python2.7.1/include/python2.7 -I/usr/apps/python2.7.1/lib/python2.7/site-packages/numpy/core/include -I/usr/apps/python2.7.1/include/python2.7 -I/usr/apps/python2.7.1/lib/python2.7/site-packages/numpy/core/include conftest.c
conftest.c(50): error #2379: cannot open source file "pm_util.h"
  #include <pm_util.h>
                      ^

configure:7896: $? = 2
configure: failed program was:
| /* confdefs.h.  */
| 
| #define PACKAGE_NAME ""
| #define PACKAGE_TARNAME ""
| #define PACKAGE_VERSION ""
| #define PACKAGE_STRING ""
| #define PACKAGE_BUGREPORT ""
| #define PYMPI_MAJOR "2"
| #define PYMPI_MINOR "6"
| #define PYMPI_RELEASE "a1"
| #define PYMPI_VERSION_SHORT "2.6"
| #define PACKAGE "pyMPI"
| #define VERSION "2.6a1"
| #define PYMPI_VERSION_NAME "pyMPI2.6"
| #define PYMPI_BADCANCEL 0
| #define PYMPI_ISATTY 1
| #define PYMPI_PROMPT_NL 1
| #ifdef __cplusplus
| extern "C" void exit (int) throw ();
| #endif
| #define PYMPI_HAS_NUMPY
| #define PYMPI_PREFIX "/usr/apps/python2.7.1"
| #define PYMPI_LIBDIR "/usr/apps/python2.7.1/lib/pyMPI2.6"
| #define PYMPI_INCLUDEDIR "/usr/apps/python2.7.1/include/pyMPI2.6"
| #define PYMPI_SITEDIR "/usr/apps/python2.7.1/lib/pyMPI2.6/site-packages"
| #define PYMPI_PYTHON_CONFIGDIR "/usr/apps/python2.7.1/lib/python2.7/config"
| #define PYMPI_PYTHON_LIBRARY "python2.7"
| #define STDC_HEADERS 1
| #define HAVE_SYS_TYPES_H 1
| #define HAVE_SYS_STAT_H 1
| #define HAVE_STDLIB_H 1
| #define HAVE_STRING_H 1
| #define HAVE_MEMORY_H 1
| #define HAVE_STRINGS_H 1
| #define HAVE_INTTYPES_H 1
| #define HAVE_STDINT_H 1
| #define HAVE_UNISTD_H 1
| #define PYMPI_HAVE_SYSCONF_NPROCESSORS
| #define STDC_HEADERS 1
| #define HAVE_LIBM 1
| #define HAVE_PYOS_STDIOREADLINE 1
| #define HAVE_SETLINEBUF 1
| #define HAVE_SYS_PARAM_H 1
| #define HAVE_PY_SSIZE_T
| #define HAVE_MPI_INITIALIZED
| #define HAVE_MPI_FINALIZED
| #define HAVE_MPI_FILE_OPERATIONS
| #define HAVE_MPI_COMM_NAME_OPERATIONS
| /* end confdefs.h.  */
| #include <pm_util.h>
configure:7916: result: no
configure:7951: checking for pm_util.h
configure:7958: result: no
configure:7975: checking for mpc_flush
configure:8032: /usr/local/bin/mpiicc -o conftest -g -O2 -fPIC  -I/usr/apps/python2.7.1/include/python2.7 -I/usr/apps/python2.7.1/include/python2.7 -I/usr/apps/python2.7.1/lib/python2.7/site-packages/numpy/core/include -I/usr/apps/python2.7.1/include/python2.7 -I/usr/apps/python2.7.1/lib/python2.7/site-packages/numpy/core/include  conftest.c -lm  -L/usr/apps/python2.7.1/lib/python2.7/config -lpython2.7  -Xlinker -export-dynamic   -lpthread -ldl  -lutil   >&5
/var/tmp/lee218/iccvB08rt.o:(.data+0x0): undefined reference to `mpc_flush'
/var/tmp/lee218/iccvB08rt.o: In function `main':
/g/g0/lee218/bgq/python/pynamic-1.1.bgq/pynamic-pyMPI-2.6a1/conftest.c:90: undefined reference to `mpc_flush'
configure:8038: $? = 1
configure: failed program was:
| /* confdefs.h.  */
| 
| #define PACKAGE_NAME ""
| #define PACKAGE_TARNAME ""
| #define PACKAGE_VERSION ""
| #define PACKAGE_STRING ""
| #define PACKAGE_BUGREPORT ""
| #define PYMPI_MAJOR "2"
| #define PYMPI_MINOR "6"
| #define PYMPI_RELEASE "a1"
| #define PYMPI_VERSION_SHORT "2.6"
| #define PACKAGE "pyMPI"
| #define VERSION "2.6a1"
| #define PYMPI_VERSION_NAME "pyMPI2.6"
| #define PYMPI_BADCANCEL 0
| #define PYMPI_ISATTY 1
| #define PYMPI_PROMPT_NL 1
| #ifdef __cplusplus
| extern "C" void exit (int) throw ();
| #endif
| #define PYMPI_HAS_NUMPY
| #define PYMPI_PREFIX "/usr/apps/python2.7.1"
| #define PYMPI_LIBDIR "/usr/apps/python2.7.1/lib/pyMPI2.6"
| #define PYMPI_INCLUDEDIR "/usr/apps/python2.7.1/include/pyMPI2.6"
| #define PYMPI_SITEDIR "/usr/apps/python2.7.1/lib/pyMPI2.6/site-packages"
| #define PYMPI_PYTHON_CONFIGDIR "/usr/apps/python2.7.1/lib/python2.7/config"
| #define PYMPI_PYTHON_LIBRARY "python2.7"
| #define STDC_HEADERS 1
| #define HAVE_SYS_TYPES_H 1
| #define HAVE_SYS_STAT_H 1
| #define HAVE_STDLIB_H 1
| #define HAVE_STRING_H 1
| #define HAVE_MEMORY_H 1
| #define HAVE_STRINGS_H 1
| #define HAVE_INTTYPES_H 1
| #define HAVE_STDINT_H 1
| #define HAVE_UNISTD_H 1
| #define PYMPI_HAVE_SYSCONF_NPROCESSORS
| #define STDC_HEADERS 1
| #define HAVE_LIBM 1
| #define HAVE_PYOS_STDIOREADLINE 1
| #define HAVE_SETLINEBUF 1
| #define HAVE_SYS_PARAM_H 1
| #define HAVE_PY_SSIZE_T
| #define HAVE_MPI_INITIALIZED
| #define HAVE_MPI_FINALIZED
| #define HAVE_MPI_FILE_OPERATIONS
| #define HAVE_MPI_COMM_NAME_OPERATIONS
| /* end confdefs.h.  */
| /* Define mpc_flush to an innocuous variant, in case <limits.h> declares mpc_flush.
|    For example, HP-UX 11i <limits.h> declares gettimeofday.  */
| #define mpc_flush innocuous_mpc_flush
| 
| /* System header to define __stub macros and hopefully few prototypes,
|     which can conflict with char mpc_flush (); below.
|     Prefer <limits.h> to <assert.h> if __STDC__ is defined, since
|     <limits.h> exists even on freestanding compilers.  */
| 
| #ifdef __STDC__
| # include <limits.h>
| #else
| # include <assert.h>
| #endif
| 
| #undef mpc_flush
| 
| /* Override any gcc2 internal prototype to avoid an error.  */
| #ifdef __cplusplus
| extern "C"
| {
| #endif
| /* We use char because int might match the return type of a gcc2
|    builtin and then its argument prototype would still apply.  */
| char mpc_flush ();
| /* The GNU C library defines this for functions which it implements
|     to always fail with ENOSYS.  Some functions are actually named
|     something starting with __ and the normal name is an alias.  */
| #if defined (__stub_mpc_flush) || defined (__stub___mpc_flush)
| choke me
| #else
| char (*f) () = mpc_flush;
| #endif
| #ifdef __cplusplus
| }
| #endif
| 
| int
| main ()
| {
| return f != mpc_flush;
|   ;
|   return 0;
| }
configure:8063: result: no
configure:8077: checking for mpc_isatty
configure:8134: /usr/local/bin/mpiicc -o conftest -g -O2 -fPIC  -I/usr/apps/python2.7.1/include/python2.7 -I/usr/apps/python2.7.1/include/python2.7 -I/usr/apps/python2.7.1/lib/python2.7/site-packages/numpy/core/include -I/usr/apps/python2.7.1/include/python2.7 -I/usr/apps/python2.7.1/lib/python2.7/site-packages/numpy/core/include  conftest.c -lm  -L/usr/apps/python2.7.1/lib/python2.7/config -lpython2.7  -Xlinker -export-dynamic   -lpthread -ldl  -lutil   >&5
/var/tmp/lee218/iccGRHJ7Y.o:(.data+0x0): undefined reference to `mpc_isatty'
/var/tmp/lee218/iccGRHJ7Y.o: In function `main':
/g/g0/lee218/bgq/python/pynamic-1.1.bgq/pynamic-pyMPI-2.6a1/conftest.c:90: undefined reference to `mpc_isatty'
configure:8140: $? = 1
configure: failed program was:
| /* confdefs.h.  */
| 
| #define PACKAGE_NAME ""
| #define PACKAGE_TARNAME ""
| #define PACKAGE_VERSION ""
| #define PACKAGE_STRING ""
| #define PACKAGE_BUGREPORT ""
| #define PYMPI_MAJOR "2"
| #define PYMPI_MINOR "6"
| #define PYMPI_RELEASE "a1"
| #define PYMPI_VERSION_SHORT "2.6"
| #define PACKAGE "pyMPI"
| #define VERSION "2.6a1"
| #define PYMPI_VERSION_NAME "pyMPI2.6"
| #define PYMPI_BADCANCEL 0
| #define PYMPI_ISATTY 1
| #define PYMPI_PROMPT_NL 1
| #ifdef __cplusplus
| extern "C" void exit (int) throw ();
| #endif
| #define PYMPI_HAS_NUMPY
| #define PYMPI_PREFIX "/usr/apps/python2.7.1"
| #define PYMPI_LIBDIR "/usr/apps/python2.7.1/lib/pyMPI2.6"
| #define PYMPI_INCLUDEDIR "/usr/apps/python2.7.1/include/pyMPI2.6"
| #define PYMPI_SITEDIR "/usr/apps/python2.7.1/lib/pyMPI2.6/site-packages"
| #define PYMPI_PYTHON_CONFIGDIR "/usr/apps/python2.7.1/lib/python2.7/config"
| #define PYMPI_PYTHON_LIBRARY "python2.7"
| #define STDC_HEADERS 1
| #define HAVE_SYS_TYPES_H 1
| #define HAVE_SYS_STAT_H 1
| #define HAVE_STDLIB_H 1
| #define HAVE_STRING_H 1
| #define HAVE_MEMORY_H 1
| #define HAVE_STRINGS_H 1
| #define HAVE_INTTYPES_H 1
| #define HAVE_STDINT_H 1
| #define HAVE_UNISTD_H 1
| #define PYMPI_HAVE_SYSCONF_NPROCESSORS
| #define STDC_HEADERS 1
| #define HAVE_LIBM 1
| #define HAVE_PYOS_STDIOREADLINE 1
| #define HAVE_SETLINEBUF 1
| #define HAVE_SYS_PARAM_H 1
| #define HAVE_PY_SSIZE_T
| #define HAVE_MPI_INITIALIZED
| #define HAVE_MPI_FINALIZED
| #define HAVE_MPI_FILE_OPERATIONS
| #define HAVE_MPI_COMM_NAME_OPERATIONS
| /* end confdefs.h.  */
| /* Define mpc_isatty to an innocuous variant, in case <limits.h> declares mpc_isatty.
|    For example, HP-UX 11i <limits.h> declares gettimeofday.  */
| #define mpc_isatty innocuous_mpc_isatty
| 
| /* System header to define __stub macros and hopefully few prototypes,
|     which can conflict with char mpc_isatty (); below.
|     Prefer <limits.h> to <assert.h> if __STDC__ is defined, since
|     <limits.h> exists even on freestanding compilers.  */
| 
| #ifdef __STDC__
| # include <limits.h>
| #else
| # include <assert.h>
| #endif
| 
| #undef mpc_isatty
| 
| /* Override any gcc2 internal prototype to avoid an error.  */
| #ifdef __cplusplus
| extern "C"
| {
| #endif
| /* We use char because int might match the return type of a gcc2
|    builtin and then its argument prototype would still apply.  */
| char mpc_isatty ();
| /* The GNU C library defines this for functions which it implements
|     to always fail with ENOSYS.  Some functions are actually named
|     something starting with __ and the normal name is an alias.  */
| #if defined (__stub_mpc_isatty) || defined (__stub___mpc_isatty)
| choke me
| #else
| char (*f) () = mpc_isatty;
| #endif
| #ifdef __cplusplus
| }
| #endif
| 
| int
| main ()
| {
| return f != mpc_isatty;
|   ;
|   return 0;
| }
configure:8165: result: no
configure:8176: checking for Electric Fence enabled?
configure:8186: result: no
configure:8425: creating ./config.status

## ---------------------- ##
## Running config.status. ##
## ---------------------- ##

This file was extended by config.status, which was
generated by GNU Autoconf 2.59.  Invocation command line was

  CONFIG_FILES    = 
  CONFIG_HEADERS  = 
  CONFIG_LINKS    = 
  CONFIG_COMMANDS = 
  $ ./config.status 

on rzedgelet5

config.status:751: creating Makefile
config.status:751: creating unittest/run-all-tests
config.status:751: creating softload_setup.py
config.status:751: creating parallel_test
config.status:855: creating pyMPI_Config.h
config.status:1041: pyMPI_Config.h is unchanged
config.status:1221: executing depfiles commands

## ---------------- ##
## Cache variables. ##
## ---------------- ##

ac_cv_build=x86_64-unknown-linux-gnu
ac_cv_build_alias=x86_64-unknown-linux-gnu
ac_cv_c_compiler_gnu=yes
ac_cv_c_const=yes
ac_cv_cxx_compiler_gnu=yes
ac_cv_env_CC_set=
ac_cv_env_CC_value=
ac_cv_env_CFLAGS_set=
ac_cv_env_CFLAGS_value=
ac_cv_env_CPPFLAGS_set=
ac_cv_env_CPPFLAGS_value=
ac_cv_env_CPP_set=
ac_cv_env_CPP_value=
ac_cv_env_CXXFLAGS_set=
ac_cv_env_CXXFLAGS_value=
ac_cv_env_CXX_set=
ac_cv_env_CXX_value=
ac_cv_env_LDFLAGS_set=
ac_cv_env_LDFLAGS_value=
ac_cv_env_build_alias_set=
ac_cv_env_build_alias_value=
ac_cv_env_host_alias_set=
ac_cv_env_host_alias_value=
ac_cv_env_target_alias_set=
ac_cv_env_target_alias_value=
ac_cv_exeext=
ac_cv_func_PyOS_StdioReadline=yes
ac_cv_func_Py_ReadOnlyBytecodeFlag=no
ac_cv_func_mpc_flush=no
ac_cv_func_mpc_isatty=no
ac_cv_func_setlinebuf=yes
ac_cv_header_Python_h=yes
ac_cv_header_inttypes_h=yes
ac_cv_header_memory_h=yes
ac_cv_header_mpi_h=yes
ac_cv_header_pm_util_h=no
ac_cv_header_stdc=yes
ac_cv_header_stdint_h=yes
ac_cv_header_stdlib_h=yes
ac_cv_header_string_h=yes
ac_cv_header_strings_h=yes
ac_cv_header_sys_param_h=yes
ac_cv_header_sys_stat_h=yes
ac_cv_header_sys_types_h=yes
ac_cv_header_unistd_h=yes
ac_cv_host=x86_64-unknown-linux-gnu
ac_cv_host_alias=x86_64-unknown-linux-gnu
ac_cv_lib_m_pow=yes
ac_cv_objext=o
ac_cv_path_CC=/usr/local/bin/mpiicc
ac_cv_path_CXX=/usr/local/bin/g++
ac_cv_path_GREP=/bin/grep
ac_cv_path_MPIRUN=/usr/local/bin/mpirun
ac_cv_path_SED=/bin/sed
ac_cv_path_install='/usr/bin/install -c'
ac_cv_prog_AWK=gawk
ac_cv_prog_CC=mpiicc
ac_cv_prog_CPP='/usr/local/bin/mpiicc -E -w'
ac_cv_prog_ac_ct_CXX=g++
ac_cv_prog_ac_ct_RANLIB=ranlib
ac_cv_prog_cc_g=yes
ac_cv_prog_cc_stdc=
ac_cv_prog_cxx_g=yes
ac_cv_prog_egrep='grep -E'
ac_cv_prog_make_make_set=yes
am_cv_CC_dependencies_compiler_type=none
am_cv_CXX_dependencies_compiler_type=none

## ----------------- ##
## Output variables. ##
## ----------------- ##

ACLOCAL='${SHELL} /g/g0/lee218/bgq/python/pynamic-1.1.bgq/pynamic-pyMPI-2.6a1/missing --run aclocal-1.9'
AIX_DYNAMIC_LOAD_FALSE=''
AIX_DYNAMIC_LOAD_TRUE='#'
AIX_PYMPI_EXP_FLAG=''
AIX_PYMPI_EXP_FLAG_LONG=''
AIX_PYTHON_EXP_FLAG=''
AMDEPBACKSLASH='\'
AMDEP_FALSE='#'
AMDEP_TRUE=''
AMTAR='${SHELL} /g/g0/lee218/bgq/python/pynamic-1.1.bgq/pynamic-pyMPI-2.6a1/missing --run tar'
AUTOCONF='${SHELL} /g/g0/lee218/bgq/python/pynamic-1.1.bgq/pynamic-pyMPI-2.6a1/missing --run autoconf'
AUTOHEADER='${SHELL} /g/g0/lee218/bgq/python/pynamic-1.1.bgq/pynamic-pyMPI-2.6a1/missing --run autoheader'
AUTOMAKE='${SHELL} /g/g0/lee218/bgq/python/pynamic-1.1.bgq/pynamic-pyMPI-2.6a1/missing --run automake-1.9'
AWK='gawk'
CC='/usr/local/bin/mpiicc'
CCDEPMODE='depmode=none'
CFLAGS='-g -O2 -fPIC'
CPP='/usr/local/bin/mpiicc -E -w'
CPPFLAGS=' -I/usr/apps/python2.7.1/include/python2.7 -I/usr/apps/python2.7.1/include/python2.7 -I/usr/apps/python2.7.1/lib/python2.7/site-packages/numpy/core/include -I/usr/apps/python2.7.1/include/python2.7 -I/usr/apps/python2.7.1/lib/python2.7/site-packages/numpy/core/include'
CXX='/usr/local/bin/g++'
CXXDEPMODE='depmode=none'
CXXFLAGS='-g -O2'
CYGPATH_W='echo'
DEFS='-DHAVE_CONFIG_H'
DEPDIR='.deps'
ECHO_C=''
ECHO_N='-n'
ECHO_T=''
EGREP='grep -E'
EXEEXT=''
GREP='/bin/grep'
INSTALL_DATA='${INSTALL} -m 644'
INSTALL_PROGRAM='${INSTALL}'
INSTALL_SCRIPT='${INSTALL}'
INSTALL_STRIP_PROGRAM='${SHELL} $(install_sh) -c -s'
LDFLAGS=''
LIBOBJS=''
LIBS='-lm  -L/usr/apps/python2.7.1/lib/python2.7/config -lpython2.7  -Xlinker -export-dynamic   -lpthread -ldl  -lutil  '
LN_S='ln -s'
LOCAL_PROCESSORS='12'
LTLIBOBJS=''
MAKEINFO='${SHELL} /g/g0/lee218/bgq/python/pynamic-1.1.bgq/pynamic-pyMPI-2.6a1/missing --run makeinfo'
MPIRUN='/usr/local/bin/mpirun'
MPIRUNEXE=''
MVRUN=''
NOPOE=''
OBJEXT='o'
PACKAGE='pyMPI'
PACKAGE_BUGREPORT=''
PACKAGE_NAME=''
PACKAGE_STRING=''
PACKAGE_TARNAME=''
PACKAGE_VERSION=''
PATH_SEPARATOR=':'
POE=''
PYINCLUDEDIR='/usr/apps/python2.7.1/include/python2.7'
PYLIBCONFIGDIR='/usr/apps/python2.7.1/lib/python2.7/config'
PYLIBCONFIG_C='/usr/apps/python2.7.1/lib/python2.7/config/config.c'
PYLIBDIR='/usr/apps/python2.7.1/lib/python2.7/site-packages'
PYLIBMAKEFILE='/usr/apps/python2.7.1/lib/python2.7/config/Makefile'
PYMPI_BADCANCEL='0'
PYMPI_ISATTY='1'
PYMPI_MAJOR='2'
PYMPI_MINOR='6'
PYMPI_PROMPT_NL='1'
PYMPI_RELEASE='a1'
PYMPI_VERSION_NAME='pyMPI2.6'
PYMPI_VERSION_SHORT='2.6'
PYTHON='/usr/local/bin/python2.7.1'
RANLIB='ranlib'
SED='/bin/sed'
SET_MAKE=''
SHELL='/bin/sh'
STRIP=''
VERSION='2.6a1'
ac_ct_CC=''
ac_ct_CXX='g++'
ac_ct_RANLIB='ranlib'
ac_ct_STRIP=''
am__fastdepCC_FALSE=''
am__fastdepCC_TRUE='#'
am__fastdepCXX_FALSE=''
am__fastdepCXX_TRUE='#'
am__include='include'
am__leading_dot='.'
am__quote=''
am__tar='${AMTAR} chof - "$$tardir"'
am__untar='${AMTAR} xf -'
bindir='${exec_prefix}/bin'
build='x86_64-unknown-linux-gnu'
build_alias=''
build_cpu='x86_64'
build_os='linux-gnu'
build_vendor='unknown'
datadir='${prefix}/share'
exec_prefix='${prefix}'
host='x86_64-unknown-linux-gnu'
host_alias=''
host_cpu='x86_64'
host_os='linux-gnu'
host_vendor='unknown'
includedir='${prefix}/include'
infodir='${prefix}/info'
install_sh='/g/g0/lee218/bgq/python/pynamic-1.1.bgq/pynamic-pyMPI-2.6a1/install-sh'
libdir='/usr/local/lib/python2.2/config'
libexecdir='${exec_prefix}/libexec'
localstatedir='${prefix}/var'
mandir='${prefix}/man'
mkdir_p='mkdir -p --'
oldincludedir='/usr/include'
prefix='/usr/apps/python2.7.1'
program_transform_name='s,x,x,'
pyBASEMODLIBS=''
pyBLDSHARED='gcc -pthread -shared'
pyCC='gcc -pthread'
pyCCSHARED='-fPIC'
pyCFLAGS='-fno-strict-aliasing -g -O2 -DNDEBUG -g -fwrapv -O3 -Wall -Wstrict-prototypes'
pyINCLUDEPY='/collab/usr/gapps/python/chaos_5_x86_64_ib/opt-2.7.1/include/python2.7'
pyLDFLAGS=''
pyLDLAST=''
pyLDSHARED='gcc -pthread -shared'
pyLIBS='-lpthread -ldl  -lutil'
pyLINKFORSHARED='-Xlinker -export-dynamic'
pyLOCALMODLIBS=''
pyOPT='-DNDEBUG -g -fwrapv -O3 -Wall -Wstrict-prototypes'
pyVERSION='2.7'
sbindir='${exec_prefix}/sbin'
sharedstatedir='${prefix}/com'
sysconfdir='${prefix}/etc'
target_alias=''

## ----------- ##
## confdefs.h. ##
## ----------- ##

#define HAVE_INTTYPES_H 1
#define HAVE_LIBM 1
#define HAVE_MEMORY_H 1
#define HAVE_MPI_COMM_NAME_OPERATIONS
#define HAVE_MPI_FILE_OPERATIONS
#define HAVE_MPI_FINALIZED
#define HAVE_MPI_INITIALIZED
#define HAVE_PYOS_STDIOREADLINE 1
#define HAVE_PY_SSIZE_T
#define HAVE_SETLINEBUF 1
#define HAVE_STDINT_H 1
#define HAVE_STDLIB_H 1
#define HAVE_STRINGS_H 1
#define HAVE_STRING_H 1
#define HAVE_SYS_PARAM_H 1
#define HAVE_SYS_STAT_H 1
#define HAVE_SYS_TYPES_H 1
#define HAVE_UNISTD_H 1
#define PACKAGE "pyMPI"
#define PACKAGE_BUGREPORT ""
#define PACKAGE_NAME ""
#define PACKAGE_STRING ""
#define PACKAGE_TARNAME ""
#define PACKAGE_VERSION ""
#define PYMPI_BADCANCEL 0
#define PYMPI_COMPILER "/usr/local/bin/mpiicc"
#define PYMPI_COMPILER_FLAGS "-g -O2 -fPIC -I/usr/apps/python2.7.1/include/pyMPI2.6 -I/collab/usr/gapps/python/chaos_5_x86_64_ib/opt-2.7.1/include/python2.7"
#define PYMPI_GET_MAKEFILE_FILENAME_DEF "def __parallel_get_makefile_filename(): return '/usr/apps/python2.7.1/lib/pyMPI2.6/augmentedMakefile'\n"
#define PYMPI_HAS_NUMPY
#define PYMPI_HAVE_SYSCONF_NPROCESSORS
#define PYMPI_INCLUDEDIR "/usr/apps/python2.7.1/include/pyMPI2.6"
#define PYMPI_ISATTY 1
#define PYMPI_LIBDIR "/usr/apps/python2.7.1/lib/pyMPI2.6"
#define PYMPI_LINKER "/usr/local/bin/mpiicc"
#define PYMPI_LINKER_FLAGS " -L/usr/apps/python2.7.1/lib/pyMPI2.6 -lpyMPI -lm  -L/usr/apps/python2.7.1/lib/python2.7/config -lpython2.7  -Xlinker -export-dynamic   -lpthread -ldl  -lutil  "
#define PYMPI_MAJOR "2"
#define PYMPI_MINOR "6"
#define PYMPI_PREFIX "/usr/apps/python2.7.1"
#define PYMPI_PROMPT_NL 1
#define PYMPI_PYTHON_CONFIGDIR "/usr/apps/python2.7.1/lib/python2.7/config"
#define PYMPI_PYTHON_LIBRARY "python2.7"
#define PYMPI_RELEASE "a1"
#define PYMPI_SITEDIR "/usr/apps/python2.7.1/lib/pyMPI2.6/site-packages"
#define PYMPI_VERSION_NAME "pyMPI2.6"
#define PYMPI_VERSION_SHORT "2.6"
#define STDC_HEADERS 1
#define STDC_HEADERS 1
#define VERSION "2.6a1"
#endif
#ifdef __cplusplus
extern "C" void exit (int) throw ();

configure: exit 0
